<?xml version="1.0" encoding="UTF-8"?>
<testng-results ignored="0" total="1" passed="1" failed="0" skipped="0">
  <reporter-output>
  </reporter-output>
  <suite started-at="2023-07-02T15:25:17 IST" name="Default suite" finished-at="2023-07-02T15:25:48 IST" duration-ms="31800">
    <groups>
    </groups>
    <test started-at="2023-07-02T15:25:17 IST" name="Default test" finished-at="2023-07-02T15:25:48 IST" duration-ms="31800">
      <class name="testcases.BuzzTest">
        <test-method is-config="true" signature="setup()[pri:0, instance:testcases.BuzzTest@4c371370]" started-at="2023-07-02T15:25:17 IST" name="setup" finished-at="2023-07-02T15:25:36 IST" duration-ms="19594" status="PASS">
          <reporter-output>
          </reporter-output>
        </test-method> <!-- setup -->
        <test-method signature="buzztest()[pri:0, instance:testcases.BuzzTest@4c371370]" started-at="2023-07-02T15:25:36 IST" name="buzztest" finished-at="2023-07-02T15:25:48 IST" duration-ms="11963" status="PASS">
          <reporter-output>
          </reporter-output>
        </test-method> <!-- buzztest -->
        <test-method is-config="true" signature="close()[pri:0, instance:testcases.BuzzTest@4c371370]" started-at="2023-07-02T15:25:48 IST" name="close" finished-at="2023-07-02T15:25:48 IST" duration-ms="167" status="PASS">
          <reporter-output>
          </reporter-output>
        </test-method> <!-- close -->
      </class> <!-- testcases.BuzzTest -->
    </test> <!-- Default test -->
  </suite> <!-- Default suite -->
</testng-results>
